<?xml version="1.0" encoding="UTF-8"?>
<!-- Generated by org.testng.reporters.JUnitReportReporter -->
<testsuite skipped="0" hostname="nilushi-trabeya" name="com.login.chatbot.ValidUserNameandInvalidpw" tests="1" failures="0" timestamp="18 Feb 2020 05:49:54 GMT" time="3.953" errors="0">
  <testcase name="validUserNameandInvalidpw" time="3.953" classname="com.login.chatbot.ValidUserNameandInvalidpw"/>
</testsuite> <!-- com.login.chatbot.ValidUserNameandInvalidpw -->
