<?xml version="1.0" encoding="UTF-8"?>
<!-- Generated by org.testng.reporters.JUnitReportReporter -->
<testsuite skipped="0" hostname="nilushi-trabeya" name="com.actions.chatbot.addactions.ActionNameMandatory" tests="1" failures="0" timestamp="18 Feb 2020 05:49:54 GMT" time="4.528" errors="0">
  <testcase name="actionNameMandatory" time="4.528" classname="com.actions.chatbot.addactions.ActionNameMandatory"/>
</testsuite> <!-- com.actions.chatbot.addactions.ActionNameMandatory -->
