<?xml version="1.0" encoding="UTF-8"?>
<!-- Generated by org.testng.reporters.JUnitReportReporter -->
<testsuite skipped="0" hostname="nilushi-trabeya" name="com.actions.chatbot.searchactions.VerifyViewAction" tests="1" failures="0" timestamp="18 Feb 2020 05:49:54 GMT" time="14.118" errors="0">
  <testcase name="verifyViewAction" time="14.118" classname="com.actions.chatbot.searchactions.VerifyViewAction"/>
</testsuite> <!-- com.actions.chatbot.searchactions.VerifyViewAction -->
