<?xml version="1.0" encoding="UTF-8"?>
<!-- Generated by org.testng.reporters.JUnitReportReporter -->
<testsuite skipped="0" hostname="nilushi-trabeya" name="com.login.chatbot.SuccessfulLogin" tests="1" failures="0" timestamp="18 Feb 2020 05:49:54 GMT" time="5.900" errors="0">
  <testcase name="successfulLogin" time="5.900" classname="com.login.chatbot.SuccessfulLogin"/>
</testsuite> <!-- com.login.chatbot.SuccessfulLogin -->
