<?xml version="1.0" encoding="UTF-8"?>
<!-- Generated by org.testng.reporters.JUnitReportReporter -->
<testsuite skipped="0" hostname="nilushi-trabeya" name="com.actions.chatbot.searchactions.VerifySearchActionbyAll" tests="1" failures="0" timestamp="18 Feb 2020 05:49:54 GMT" time="9.466" errors="0">
  <testcase name="verifySearchActionbyName" time="9.466" classname="com.actions.chatbot.searchactions.VerifySearchActionbyAll"/>
</testsuite> <!-- com.actions.chatbot.searchactions.VerifySearchActionbyAll -->
