<?xml version="1.0" encoding="UTF-8"?>
<!-- Generated by org.testng.reporters.JUnitReportReporter -->
<testsuite skipped="0" hostname="nilushi-trabeya" name="com.intents.chatbot.addintents.VerifyActionNameMandatory" tests="1" failures="0" timestamp="18 Feb 2020 05:49:54 GMT" time="22.101" errors="0">
  <testcase name="verifyanExistingGroupSelecting" time="22.101" classname="com.intents.chatbot.addintents.VerifyActionNameMandatory"/>
</testsuite> <!-- com.intents.chatbot.addintents.VerifyActionNameMandatory -->
