<?xml version="1.0" encoding="UTF-8"?>
<!-- Generated by org.testng.reporters.JUnitReportReporter -->
<testsuite skipped="0" hostname="nilushi-trabeya" name="com.login.chatbot.InvalidUserNameandInvalidpw" tests="1" failures="0" timestamp="18 Feb 2020 05:49:54 GMT" time="4.312" errors="0">
  <testcase name="invalidUserNameandValidpw" time="4.312" classname="com.login.chatbot.InvalidUserNameandInvalidpw"/>
</testsuite> <!-- com.login.chatbot.InvalidUserNameandInvalidpw -->
